0 info it worked if it ends with ok
1 verbose cli [ '/usr/local/Cellar/node/0.10.22/bin/node',
1 verbose cli   '/usr/local/bin/npm',
1 verbose cli   'install',
1 verbose cli   '--save',
1 verbose cli   'sara-angular' ]
2 info using npm@1.3.14
3 info using node@v0.10.22
4 warn package.json sara-angular-example@0.0.1 No description
5 warn package.json sara-angular-example@0.0.1 No repository field.
6 warn package.json sara-angular-example@0.0.1 No README data
7 warn package.json sara-angular@0.0.1 No description
8 warn package.json sara-angular@0.0.1 No repository field.
9 warn package.json sara-angular@0.0.1 No README data
10 verbose readDependencies using package.json deps
11 verbose cache add [ 'sara-angular', null ]
12 verbose cache add name=undefined spec="sara-angular" args=["sara-angular",null]
13 verbose parsed url { protocol: null,
13 verbose parsed url   slashes: null,
13 verbose parsed url   auth: null,
13 verbose parsed url   host: null,
13 verbose parsed url   port: null,
13 verbose parsed url   hostname: null,
13 verbose parsed url   hash: null,
13 verbose parsed url   search: null,
13 verbose parsed url   query: null,
13 verbose parsed url   pathname: 'sara-angular',
13 verbose parsed url   path: 'sara-angular',
13 verbose parsed url   href: 'sara-angular' }
14 silly lockFile ada6d973-sara-angular sara-angular
15 verbose lock sara-angular /Users/Jackson/.npm/ada6d973-sara-angular.lock
16 silly lockFile ada6d973-sara-angular sara-angular
17 silly lockFile ada6d973-sara-angular sara-angular
18 verbose addNamed [ 'sara-angular', '' ]
19 verbose addNamed [ null, '*' ]
20 silly lockFile 875d91b0-sara-angular sara-angular@
21 verbose lock sara-angular@ /Users/Jackson/.npm/875d91b0-sara-angular.lock
22 silly addNameRange { name: 'sara-angular', range: '*', hasData: false }
23 verbose url raw sara-angular
24 verbose url resolving [ 'https://registry.npmjs.org/', './sara-angular' ]
25 verbose url resolved https://registry.npmjs.org/sara-angular
26 info trying registry request attempt 1 at 20:54:44
27 verbose etag "AZQRB549YT8ORS36VRHS889ZD"
28 http GET https://registry.npmjs.org/sara-angular
29 http 304 https://registry.npmjs.org/sara-angular
30 silly registry.get cb [ 304,
30 silly registry.get   { date: 'Fri, 03 Jan 2014 04:54:45 GMT',
30 silly registry.get     server: 'CouchDB/1.5.0 (Erlang OTP/R15B03)',
30 silly registry.get     connection: 'Keep-Alive',
30 silly registry.get     'keep-alive': 'timeout=10, max=50',
30 silly registry.get     etag: '"AZQRB549YT8ORS36VRHS889ZD"' } ]
31 verbose etag sara-angular from cache
32 silly addNameRange number 2 { name: 'sara-angular', range: '*', hasData: true }
33 silly addNameRange versions [ 'sara-angular', [ '0.0.1' ] ]
34 verbose addNamed [ 'sara-angular', '0.0.1' ]
35 verbose addNamed [ '0.0.1', '0.0.1' ]
36 silly lockFile 7ed2fa54-sara-angular-0-0-1 sara-angular@0.0.1
37 verbose lock sara-angular@0.0.1 /Users/Jackson/.npm/7ed2fa54-sara-angular-0-0-1.lock
38 silly lockFile 7ed2fa54-sara-angular-0-0-1 sara-angular@0.0.1
39 silly lockFile 7ed2fa54-sara-angular-0-0-1 sara-angular@0.0.1
40 silly lockFile 875d91b0-sara-angular sara-angular@
41 silly lockFile 875d91b0-sara-angular sara-angular@
42 silly resolved [ { name: 'sara-angular',
42 silly resolved     version: '0.0.1',
42 silly resolved     main: './index.js',
42 silly resolved     browser: './index-browser.js',
42 silly resolved     readme: 'ERROR: No README data found!',
42 silly resolved     _id: 'sara-angular@0.0.1',
42 silly resolved     _from: 'sara-angular@' } ]
43 info install sara-angular@0.0.1 into /Users/Jackson/Sites/Sara/examples/sara-angular-example
44 info installOne sara-angular@0.0.1
45 error git Appears to be a git repo or submodule.
45 error git     /Users/Jackson/Sites/Sara/examples/sara-angular-example/node_modules/sara-angular
45 error git Refusing to remove it. Update manually,
45 error git or move it out of the way first.
46 error System Darwin 13.0.2
47 error command "/usr/local/Cellar/node/0.10.22/bin/node" "/usr/local/bin/npm" "install" "--save" "sara-angular"
48 error cwd /Users/Jackson/Sites/Sara/examples/sara-angular-example
49 error node -v v0.10.22
50 error npm -v 1.3.14
51 error path /Users/Jackson/Sites/Sara/examples/sara-angular-example/node_modules/sara-angular
52 error code EISGIT
53 verbose exit [ 1, true ]
